<?xml version="1.0" encoding="UTF-8"?>
<testsuite name="Regression Test"
           tests="2"
           failures="0"
           errors="0"
           skipped="0"
           time="0.771">
  <properties />
  
  
            <testcase name="userShouldLoginSuccessfullyWithValid" time="0.512" classname="com.saucedemo.testsuite.LoginPageTest" />
                <testcase name="verifyThatSixProductsAreDisplayedOnPage" time="0.259" classname="com.saucedemo.testsuite.LoginPageTest" />
      
</testsuite>
